Determining if the pthread_create exist failed with the following output:
Change Dir: /home/tsane/Documents/ros-catkin-workspace/build/CMakeFiles/CMakeTmp

Run Build Command:/usr/bin/make "cmTryCompileExec552137559/fast"
/usr/bin/make -f CMakeFiles/cmTryCompileExec552137559.dir/build.make CMakeFiles/cmTryCompileExec552137559.dir/build
make[1]: Entering directory `/home/tsane/Documents/ros-catkin-workspace/build/CMakeFiles/CMakeTmp'
/usr/bin/cmake -E cmake_progress_report /home/tsane/Documents/ros-catkin-workspace/build/CMakeFiles/CMakeTmp/CMakeFiles 1
Building C object CMakeFiles/cmTryCompileExec552137559.dir/CheckSymbolExists.c.o
/usr/bin/cc    -o CMakeFiles/cmTryCompileExec552137559.dir/CheckSymbolExists.c.o   -c /home/tsane/Documents/ros-catkin-workspace/build/CMakeFiles/CMakeTmp/CheckSymbolExists.c
Linking C executable cmTryCompileExec552137559
/usr/bin/cmake -E cmake_link_script CMakeFiles/cmTryCompileExec552137559.dir/link.txt --verbose=1
/usr/bin/cc       CMakeFiles/cmTryCompileExec552137559.dir/CheckSymbolExists.c.o  -o cmTryCompileExec552137559 -rdynamic 
CMakeFiles/cmTryCompileExec552137559.dir/CheckSymbolExists.c.o: In function `main':
CheckSymbolExists.c:(.text+0x16): undefined reference to `pthread_create'
collect2: error: ld returned 1 exit status
make[1]: *** [cmTryCompileExec552137559] Error 1
make[1]: Leaving directory `/home/tsane/Documents/ros-catkin-workspace/build/CMakeFiles/CMakeTmp'
make: *** [cmTryCompileExec552137559/fast] Error 2

File /home/tsane/Documents/ros-catkin-workspace/build/CMakeFiles/CMakeTmp/CheckSymbolExists.c:
/* */
#include <pthread.h>

int main(int argc, char** argv)
{
  (void)argv;
#ifndef pthread_create
  return ((int*)(&pthread_create))[argc];
#else
  (void)argc;
  return 0;
#endif
}

Determining if the function pthread_create exists in the pthreads failed with the following output:
Change Dir: /home/tsane/Documents/ros-catkin-workspace/build/CMakeFiles/CMakeTmp

Run Build Command:/usr/bin/make "cmTryCompileExec1470035993/fast"
/usr/bin/make -f CMakeFiles/cmTryCompileExec1470035993.dir/build.make CMakeFiles/cmTryCompileExec1470035993.dir/build
make[1]: Entering directory `/home/tsane/Documents/ros-catkin-workspace/build/CMakeFiles/CMakeTmp'
/usr/bin/cmake -E cmake_progress_report /home/tsane/Documents/ros-catkin-workspace/build/CMakeFiles/CMakeTmp/CMakeFiles 1
Building C object CMakeFiles/cmTryCompileExec1470035993.dir/CheckFunctionExists.c.o
/usr/bin/cc   -DCHECK_FUNCTION_EXISTS=pthread_create   -o CMakeFiles/cmTryCompileExec1470035993.dir/CheckFunctionExists.c.o   -c /usr/share/cmake-2.8/Modules/CheckFunctionExists.c
Linking C executable cmTryCompileExec1470035993
/usr/bin/cmake -E cmake_link_script CMakeFiles/cmTryCompileExec1470035993.dir/link.txt --verbose=1
/usr/bin/cc   -DCHECK_FUNCTION_EXISTS=pthread_create    CMakeFiles/cmTryCompileExec1470035993.dir/CheckFunctionExists.c.o  -o cmTryCompileExec1470035993 -rdynamic -lpthreads 
/usr/bin/ld: cannot find -lpthreads
collect2: error: ld returned 1 exit status
make[1]: *** [cmTryCompileExec1470035993] Error 1
make[1]: Leaving directory `/home/tsane/Documents/ros-catkin-workspace/build/CMakeFiles/CMakeTmp'
make: *** [cmTryCompileExec1470035993/fast] Error 2


